<?xml version="1.0" encoding="UTF-8"?>
<testsuite xmlns:xsi="http://www.w3.org/2001/XMLSchema-instance" xsi:noNamespaceSchemaLocation="https://maven.apache.org/surefire/maven-surefire-plugin/xsd/surefire-test-report-3.0.xsd" version="3.0" name="test.open.Calculator" time="0.207" tests="3" errors="0" skipped="0" failures="0">
  <properties>
[...]
</properties>
  <testcase name="testSum" classname="test.open.Calculator" time="0.119"/>
  <testcase name="testMinus" classname="test.open.Calculator" time="0"/>
  <testcase name="testDivide" classname="test.open.Calculator" time="0"/>
</testsuite>